current directory: /home/travis/build/kvz/frey/website/_vendor/bundle/ruby/2.2.0/gems/nokogiri-1.6.8/ext/nokogiri
/home/travis/.rvm/rubies/ruby-2.2.5/bin/ruby -r ./siteconf20160817-9254-1k629za.rb extconf.rb
Using pkg-config version 1.1.7
checking if the C compiler accepts ... yes
Building nokogiri using packaged libraries.
Using mini_portile version 2.1.0
checking for gzdopen() in -lz... yes
checking for iconv... yes
************************************************************************
IMPORTANT NOTICE:

Building Nokogiri with a packaged version of libxml2-2.9.4.

Team Nokogiri will keep on doing their best to provide security
updates in a timely manner, but if this is a concern for you and want
to use the system library instead; abort this installation process and
reinstall nokogiri as follows:

    gem install nokogiri -- --use-system-libraries
        [--with-xml2-config=/path/to/xml2-config]
        [--with-xslt-config=/path/to/xslt-config]

If you are using Bundler, tell it to use the option:

    bundle config build.nokogiri --use-system-libraries
    bundle install

Note, however, that nokogiri is not fully compatible with arbitrary
versions of libxml2 provided by OS/package vendors.
************************************************************************
Extracting libxml2-2.9.4.tar.gz into tmp/x86_64-pc-linux-gnu/ports/libxml2/2.9.4... OK
Running 'configure' for libxml2 2.9.4... OK
Running 'compile' for libxml2 2.9.4... OK
Running 'install' for libxml2 2.9.4... OK
Activating libxml2 2.9.4 (from /home/travis/build/kvz/frey/website/_vendor/bundle/ruby/2.2.0/gems/nokogiri-1.6.8/ports/x86_64-pc-linux-gnu/libxml2/2.9.4)...
************************************************************************
IMPORTANT NOTICE:

Building Nokogiri with a packaged version of libxslt-1.1.29.

Team Nokogiri will keep on doing their best to provide security
updates in a timely manner, but if this is a concern for you and want
to use the system library instead; abort this installation process and
reinstall nokogiri as follows:

    gem install nokogiri -- --use-system-libraries
        [--with-xml2-config=/path/to/xml2-config]
        [--with-xslt-config=/path/to/xslt-config]

If you are using Bundler, tell it to use the option:

    bundle config build.nokogiri --use-system-libraries
    bundle install
************************************************************************
Extracting libxslt-1.1.29.tar.gz into tmp/x86_64-pc-linux-gnu/ports/libxslt/1.1.29... OK
Running 'configure' for libxslt 1.1.29... OK
Running 'compile' for libxslt 1.1.29... OK
Running 'install' for libxslt 1.1.29... OK
Activating libxslt 1.1.29 (from /home/travis/build/kvz/frey/website/_vendor/bundle/ruby/2.2.0/gems/nokogiri-1.6.8/ports/x86_64-pc-linux-gnu/libxslt/1.1.29)...
checking for main() in -llzma... yes
checking for xmlParseDoc() in libxml/parser.h... yes
checking for xsltParseStylesheetDoc() in libxslt/xslt.h... yes
checking for exsltFuncRegister() in libexslt/exslt.h... yes
checking for xmlHasFeature()... yes
checking for xmlFirstElementChild()... yes
checking for xmlRelaxNGSetParserStructuredErrors()... yes
checking for xmlRelaxNGSetParserStructuredErrors()... yes
checking for xmlRelaxNGSetValidStructuredErrors()... yes
checking for xmlSchemaSetValidStructuredErrors()... yes
checking for xmlSchemaSetParserStructuredErrors()... yes
creating Makefile

To see why this extension failed to compile, please check the mkmf.log which can be found here:

  /home/travis/build/kvz/frey/website/_vendor/bundle/ruby/2.2.0/extensions/x86_64-linux/2.2.0/nokogiri-1.6.8/mkmf.log

current directory: /home/travis/build/kvz/frey/website/_vendor/bundle/ruby/2.2.0/gems/nokogiri-1.6.8/ext/nokogiri
make "DESTDIR=" clean

current directory: /home/travis/build/kvz/frey/website/_vendor/bundle/ruby/2.2.0/gems/nokogiri-1.6.8/ext/nokogiri
make "DESTDIR="
compiling xml_node_set.c
compiling xml_document_fragment.c
compiling xml_document.c
xml_document.c: In function ‘set_encoding’:
xml_document.c:182:12: warning: cast discards ‘__attribute__((const))’ qualifier from pointer target type [-Wcast-qual]
xml_document.c: In function ‘canonicalize’:
xml_document.c:535:15: warning: cast discards ‘__attribute__((const))’ qualifier from pointer target type [-Wcast-qual]
compiling xml_comment.c
compiling xml_node.c
xml_node.c: In function ‘reparent_node_with’:
xml_node.c:170:7: warning: enumeration value ‘XML_ATTRIBUTE_NODE’ not handled in switch [-Wswitch]
xml_node.c:170:7: warning: enumeration value ‘XML_ENTITY_NODE’ not handled in switch [-Wswitch]
xml_node.c:170:7: warning: enumeration value ‘XML_DOCUMENT_NODE’ not handled in switch [-Wswitch]
xml_node.c:170:7: warning: enumeration value ‘XML_DOCUMENT_FRAG_NODE’ not handled in switch [-Wswitch]
xml_node.c:170:7: warning: enumeration value ‘XML_NOTATION_NODE’ not handled in switch [-Wswitch]
xml_node.c:170:7: warning: enumeration value ‘XML_HTML_DOCUMENT_NODE’ not handled in switch [-Wswitch]
xml_node.c:170:7: warning: enumeration value ‘XML_DTD_NODE’ not handled in switch [-Wswitch]
xml_node.c:170:7: warning: enumeration value ‘XML_ELEMENT_DECL’ not handled in switch [-Wswitch]
xml_node.c:170:7: warning: enumeration value ‘XML_ATTRIBUTE_DECL’ not handled in switch [-Wswitch]
xml_node.c:170:7: warning: enumeration value ‘XML_ENTITY_DECL’ not handled in switch [-Wswitch]
xml_node.c:170:7: warning: enumeration value ‘XML_NAMESPACE_DECL’ not handled in switch [-Wswitch]
xml_node.c:170:7: warning: enumeration value ‘XML_XINCLUDE_START’ not handled in switch [-Wswitch]
xml_node.c:170:7: warning: enumeration value ‘XML_XINCLUDE_END’ not handled in switch [-Wswitch]
xml_node.c:170:7: warning: enumeration value ‘XML_DOCB_DOCUMENT_NODE’ not handled in switch [-Wswitch]
xml_node.c:188:7: warning: enumeration value ‘XML_ATTRIBUTE_NODE’ not handled in switch [-Wswitch]
xml_node.c:188:7: warning: enumeration value ‘XML_ENTITY_NODE’ not handled in switch [-Wswitch]
xml_node.c:188:7: warning: enumeration value ‘XML_DOCUMENT_NODE’ not handled in switch [-Wswitch]
xml_node.c:188:7: warning: enumeration value ‘XML_DOCUMENT_TYPE_NODE’ not handled in switch [-Wswitch]
xml_node.c:188:7: warning: enumeration value ‘XML_DOCUMENT_FRAG_NODE’ not handled in switch [-Wswitch]
xml_node.c:188:7: warning: enumeration value ‘XML_NOTATION_NODE’ not handled in switch [-Wswitch]
xml_node.c:188:7: warning: enumeration value ‘XML_HTML_DOCUMENT_NODE’ not handled in switch [-Wswitch]
xml_node.c:188:7: warning: enumeration value ‘XML_DTD_NODE’ not handled in switch [-Wswitch]
xml_node.c:188:7: warning: enumeration value ‘XML_ELEMENT_DECL’ not handled in switch [-Wswitch]
xml_node.c:188:7: warning: enumeration value ‘XML_ATTRIBUTE_DECL’ not handled in switch [-Wswitch]
xml_node.c:188:7: warning: enumeration value ‘XML_ENTITY_DECL’ not handled in switch [-Wswitch]
xml_node.c:188:7: warning: enumeration value ‘XML_NAMESPACE_DECL’ not handled in switch [-Wswitch]
xml_node.c:188:7: warning: enumeration value ‘XML_XINCLUDE_START’ not handled in switch [-Wswitch]
xml_node.c:188:7: warning: enumeration value ‘XML_XINCLUDE_END’ not handled in switch [-Wswitch]
xml_node.c:188:7: warning: enumeration value ‘XML_DOCB_DOCUMENT_NODE’ not handled in switch [-Wswitch]
xml_node.c:199:7: warning: enumeration value ‘XML_ELEMENT_NODE’ not handled in switch [-Wswitch]
xml_node.c:199:7: warning: enumeration value ‘XML_ATTRIBUTE_NODE’ not handled in switch [-Wswitch]
xml_node.c:199:7: warning: enumeration value ‘XML_CDATA_SECTION_NODE’ not handled in switch [-Wswitch]
xml_node.c:199:7: warning: enumeration value ‘XML_ENTITY_NODE’ not handled in switch [-Wswitch]
xml_node.c:199:7: warning: enumeration value ‘XML_PI_NODE’ not handled in switch [-Wswitch]
xml_node.c:199:7: warning: enumeration value ‘XML_COMMENT_NODE’ not handled in switch [-Wswitch]
xml_node.c:199:7: warning: enumeration value ‘XML_DOCUMENT_NODE’ not handled in switch [-Wswitch]
xml_node.c:199:7: warning: enumeration value ‘XML_DOCUMENT_TYPE_NODE’ not handled in switch [-Wswitch]
xml_node.c:199:7: warning: enumeration value ‘XML_DOCUMENT_FRAG_NODE’ not handled in switch [-Wswitch]
xml_node.c:199:7: warning: enumeration value ‘XML_NOTATION_NODE’ not handled in switch [-Wswitch]
xml_node.c:199:7: warning: enumeration value ‘XML_HTML_DOCUMENT_NODE’ not handled in switch [-Wswitch]
xml_node.c:199:7: warning: enumeration value ‘XML_DTD_NODE’ not handled in switch [-Wswitch]
xml_node.c:199:7: warning: enumeration value ‘XML_ELEMENT_DECL’ not handled in switch [-Wswitch]
xml_node.c:199:7: warning: enumeration value ‘XML_ATTRIBUTE_DECL’ not handled in switch [-Wswitch]
xml_node.c:199:7: warning: enumeration value ‘XML_ENTITY_DECL’ not handled in switch [-Wswitch]
xml_node.c:199:7: warning: enumeration value ‘XML_NAMESPACE_DECL’ not handled in switch [-Wswitch]
xml_node.c:199:7: warning: enumeration value ‘XML_XINCLUDE_START’ not handled in switch [-Wswitch]
xml_node.c:199:7: warning: enumeration value ‘XML_XINCLUDE_END’ not handled in switch [-Wswitch]
xml_node.c:199:7: warning: enumeration value ‘XML_DOCB_DOCUMENT_NODE’ not handled in switch [-Wswitch]
xml_node.c:167:5: warning: enumeration value ‘XML_CDATA_SECTION_NODE’ not handled in switch [-Wswitch]
xml_node.c:167:5: warning: enumeration value ‘XML_ENTITY_NODE’ not handled in switch [-Wswitch]
xml_node.c:167:5: warning: enumeration value ‘XML_PI_NODE’ not handled in switch [-Wswitch]
xml_node.c:167:5: warning: enumeration value ‘XML_COMMENT_NODE’ not handled in switch [-Wswitch]
xml_node.c:167:5: warning: enumeration value ‘XML_DOCUMENT_TYPE_NODE’ not handled in switch [-Wswitch]
xml_node.c:167:5: warning: enumeration value ‘XML_NOTATION_NODE’ not handled in switch [-Wswitch]
xml_node.c:167:5: warning: enumeration value ‘XML_DTD_NODE’ not handled in switch [-Wswitch]
xml_node.c:167:5: warning: enumeration value ‘XML_ELEMENT_DECL’ not handled in switch [-Wswitch]
xml_node.c:167:5: warning: enumeration value ‘XML_ATTRIBUTE_DECL’ not handled in switch [-Wswitch]
xml_node.c:167:5: warning: enumeration value ‘XML_ENTITY_DECL’ not handled in switch [-Wswitch]
xml_node.c:167:5: warning: enumeration value ‘XML_NAMESPACE_DECL’ not handled in switch [-Wswitch]
xml_node.c:167:5: warning: enumeration value ‘XML_XINCLUDE_START’ not handled in switch [-Wswitch]
xml_node.c:167:5: warning: enumeration value ‘XML_XINCLUDE_END’ not handled in switch [-Wswitch]
xml_node.c:167:5: warning: enumeration value ‘XML_DOCB_DOCUMENT_NODE’ not handled in switch [-Wswitch]
compiling html_entity_lookup.c
compiling xml_element_content.c
compiling xml_sax_parser.c
xml_sax_parser.c: In function ‘start_document’:
xml_sax_parser.c:28:7: warning: ISO C90 forbids mixed declarations and code [-Wdeclaration-after-statement]
compiling xml_namespace.c
xml_namespace.c: In function ‘dealloc_namespace’:
xml_namespace.c:17:13: warning: cast discards ‘__attribute__((const))’ qualifier from pointer target type [-Wcast-qual]
xml_namespace.c:20:13: warning: cast discards ‘__attribute__((const))’ qualifier from pointer target type [-Wcast-qual]
xml_namespace.c: In function ‘part_of_an_xpath_node_set_eh’:
xml_namespace.c:67:3: warning: passing argument 1 of ‘Nokogiri_namespace_eh’ from incompatible pointer type [enabled by default]
xml_namespace.c:27:5: note: expected ‘xmlNodePtr’ but argument is of type ‘struct _xmlNs *’
compiling xml_entity_reference.c
compiling xml_entity_decl.c
compiling xml_attribute_decl.c
compiling xml_cdata.c
compiling xml_encoding_handler.c
compiling xml_text.c
compiling html_element_description.c
html_element_description.c: In function ‘get_description’:
html_element_description.c:252:1: warning: cast discards ‘__attribute__((const))’ qualifier from pointer target type [-Wcast-qual]
compiling xml_libxml2_hacks.c
compiling html_sax_parser_context.c
compiling xml_dtd.c
compiling xml_attr.c
compiling xml_io.c
compiling xml_sax_push_parser.c
compiling nokogiri.c
compiling xslt_stylesheet.c
xslt_stylesheet.c: In function ‘initFunc’:
xslt_stylesheet.c:217:5: warning: passing argument 1 of ‘rb_data_object_get’ makes integer from pointer without a cast [enabled by default]
/home/travis/.rvm/rubies/ruby-2.2.5/include/ruby-2.2.0/ruby/ruby.h:1204:1: note: expected ‘VALUE’ but argument is of type ‘void *’
xslt_stylesheet.c: In function ‘shutdownFunc’:
xslt_stylesheet.c:230:5: warning: passing argument 1 of ‘rb_data_object_get’ makes integer from pointer without a cast [enabled by default]
/home/travis/.rvm/rubies/ruby-2.2.5/include/ruby-2.2.0/ruby/ruby.h:1204:1: note: expected ‘VALUE’ but argument is of type ‘void *’
compiling xml_element_decl.c
compiling html_sax_push_parser.c
compiling xml_reader.c
compiling xml_xpath_context.c
compiling xml_sax_parser_context.c
compiling xml_schema.c
compiling xml_syntax_error.c
compiling xml_processing_instruction.c
compiling xml_relax_ng.c
compiling html_document.c
linking shared-object nokogiri/nokogiri.so
Using pkg-config version 1.1.7
Cleaning files only used during build.
rm -rf /home/travis/build/kvz/frey/website/_vendor/bundle/ruby/2.2.0/gems/nokogiri-1.6.8/ext/nokogiri/tmp/x86_64-pc-linux-gnu/ports
rm -rf /home/travis/build/kvz/frey/website/_vendor/bundle/ruby/2.2.0/gems/nokogiri-1.6.8/ports

current directory: /home/travis/build/kvz/frey/website/_vendor/bundle/ruby/2.2.0/gems/nokogiri-1.6.8/ext/nokogiri
make "DESTDIR=" install
/usr/bin/install -m 0755 nokogiri.so ./.gem.20160817-9254-1hs8pwp/nokogiri
