current directory: /home/travis/build/kvz/frey/website/_vendor/bundle/ruby/2.2.0/gems/ffi-1.9.10/ext/ffi_c
/home/travis/.rvm/rubies/ruby-2.2.5/bin/ruby -r ./siteconf20160817-9254-1urrvod.rb extconf.rb
checking for ffi_call() in -lffi... yes
checking for ffi_prep_closure()... yes
checking for ffi_raw_call()... yes
checking for ffi_prep_raw_closure()... yes
checking for rb_thread_blocking_region()... no
checking for rb_thread_call_with_gvl()... yes
checking for rb_thread_call_without_gvl()... yes
checking for ffi_prep_cif_var()... yes
creating extconf.h
creating Makefile

To see why this extension failed to compile, please check the mkmf.log which can be found here:

  /home/travis/build/kvz/frey/website/_vendor/bundle/ruby/2.2.0/extensions/x86_64-linux/2.2.0/ffi-1.9.10/mkmf.log

current directory: /home/travis/build/kvz/frey/website/_vendor/bundle/ruby/2.2.0/gems/ffi-1.9.10/ext/ffi_c
make "DESTDIR=" clean

current directory: /home/travis/build/kvz/frey/website/_vendor/bundle/ruby/2.2.0/gems/ffi-1.9.10/ext/ffi_c
make "DESTDIR="
compiling Function.c
compiling DataConverter.c
compiling LongDouble.c
compiling Types.c
compiling FunctionInfo.c
compiling ffi.c
compiling MemoryPointer.c
compiling StructByReference.c
compiling StructByValue.c
compiling Buffer.c
compiling Thread.c
compiling Call.c
compiling Pointer.c
compiling Platform.c
compiling StructLayout.c
compiling DynamicLibrary.c
compiling Type.c
compiling ClosurePool.c
compiling MethodHandle.c
compiling LastError.c
compiling Variadic.c
compiling Struct.c
compiling MappedType.c
compiling ArrayType.c
compiling AbstractMemory.c
linking shared-object ffi_c.so

current directory: /home/travis/build/kvz/frey/website/_vendor/bundle/ruby/2.2.0/gems/ffi-1.9.10/ext/ffi_c
make "DESTDIR=" install
/usr/bin/install -m 0755 ffi_c.so ./.gem.20160817-9254-senhxl
